2024-04-04 10:00:01 [INFO] Application started.
2024-04-04 10:01:15 [DEBUG] Initializing database connection.
2024-04-04 10:02:30 [INFO] Database connection established.
2024-04-04 10:05:45 [WARN] Low disk space.
2024-04-04 10:02:30 [INFO] Database connection established.
2024-04-04 10:05:45 [WARN] Low disk space.
2024-04-04 10:02:30 [INFO] Database connection established.
2024-04-04 10:05:45 [WARN] Low disk space.
2024-04-04 10:05:45 [WARN] Low disk space.2024-04-04 10:05:45 [WARN] Low disk space.
2024-04-04 10:05:45 [WARN] Low disk space.

2024-04-04 10:05:45 [WARN] Low disk space.
2024-04-04 10:05:45 [WARN] Low disk space.
2024-04-04 10:05:45 [WARN] Low disk space.
2024-04-04 10:05:45 [WARN] Low disk space.2024-04-04 10:05:45 [WARN] Low disk space.
2024-04-04 10:05:45 [WARN] Low disk space.

2024-04-04 10:05:45 [WARN] Low disk space.
2024-04-04 10:05:45 [WARN] Low disk space.
2024-04-04 10:05:45 [WARN] Low disk space.
2024-04-04 10:05:45 [WARN] Low disk space.
long live Rust
